Calling target program-options parser
[12:45:43.485] [bmv2] [D] [thread 66] Set default default entry for table 'MyIngress.ipv4_lpm': MyIngress.drop - 
[12:45:43.486] [bmv2] [D] [thread 66] Set default default entry for table 'MyIngress.modbus_sec': MyIngress.no_cipher - 
[12:45:43.486] [bmv2] [D] [thread 66] Set default default entry for table 'tbl_industrial_aes361': industrial_aes361 - 
Adding interface eth0 as port 1
[12:45:43.486] [bmv2] [D] [thread 66] Adding interface eth0 as port 1
Adding interface eth1 as port 2
[12:45:43.495] [bmv2] [D] [thread 66] Adding interface eth1 as port 2
[12:45:43.502] [bmv2] [I] [thread 66] Starting Thrift server on port 9090
[12:45:43.502] [bmv2] [I] [thread 66] Thrift server was started
[12:45:44.539] [bmv2] [T] [thread 89] bm_get_config
[12:45:44.573] [bmv2] [T] [thread 92] bm_get_config
[12:45:44.574] [bmv2] [T] [thread 92] bm_set_default_action
[12:45:44.575] [bmv2] [D] [thread 92] Set default entry for table 'MyIngress.ipv4_lpm': MyIngress.drop - 
[12:45:44.575] [bmv2] [T] [thread 92] bm_table_add_entry
[12:45:44.575] [bmv2] [D] [thread 92] Entry 0 added to table 'MyIngress.ipv4_lpm'
[12:45:44.575] [bmv2] [D] [thread 92] Dumping entry 0
Match key:
* hdr.ipv4.dstAddr    : LPM       c8010107/32
Action entry: MyIngress.ipv4_forward - 3,2,

[12:45:44.575] [bmv2] [T] [thread 92] bm_table_add_entry
[12:45:44.575] [bmv2] [D] [thread 92] Entry 1 added to table 'MyIngress.ipv4_lpm'
[12:45:44.575] [bmv2] [D] [thread 92] Dumping entry 1
Match key:
* hdr.ipv4.dstAddr    : LPM       c8010108/32
Action entry: MyIngress.ipv4_forward - 3,2,

[12:45:44.575] [bmv2] [T] [thread 92] bm_table_add_entry
[12:45:44.575] [bmv2] [D] [thread 92] Entry 2 added to table 'MyIngress.ipv4_lpm'
[12:45:44.575] [bmv2] [D] [thread 92] Dumping entry 2
Match key:
* hdr.ipv4.dstAddr    : LPM       c8010109/32
Action entry: MyIngress.ipv4_forward - 3,2,

[12:45:44.575] [bmv2] [T] [thread 92] bm_table_add_entry
[12:45:44.575] [bmv2] [D] [thread 92] Entry 3 added to table 'MyIngress.ipv4_lpm'
[12:45:44.575] [bmv2] [D] [thread 92] Dumping entry 3
Match key:
* hdr.ipv4.dstAddr    : LPM       c30b0e05/32
Action entry: MyIngress.ipv4_forward - a000101,1,

[12:45:44.575] [bmv2] [T] [thread 92] bm_table_add_entry
[12:45:44.575] [bmv2] [D] [thread 92] Entry 4 added to table 'MyIngress.ipv4_lpm'
[12:45:44.575] [bmv2] [D] [thread 92] Dumping entry 4
Match key:
* hdr.ipv4.dstAddr    : LPM       c30b0e06/32
Action entry: MyIngress.ipv4_forward - a000201,1,

[12:45:44.575] [bmv2] [T] [thread 92] bm_table_add_entry
[12:45:44.575] [bmv2] [D] [thread 92] Entry 5 added to table 'MyIngress.ipv4_lpm'
[12:45:44.575] [bmv2] [D] [thread 92] Dumping entry 5
Match key:
* hdr.ipv4.dstAddr    : LPM       c30b0e07/32
Action entry: MyIngress.ipv4_forward - a000201,1,

[12:45:44.575] [bmv2] [T] [thread 92] bm_register_write
[12:45:44.575] [bmv2] [T] [thread 92] bm_register_write
[12:45:44.575] [bmv2] [T] [thread 92] bm_register_write
[12:45:44.575] [bmv2] [T] [thread 92] bm_register_write
[12:45:44.575] [bmv2] [T] [thread 92] bm_register_write
[12:45:44.575] [bmv2] [T] [thread 92] bm_register_write
[12:45:44.575] [bmv2] [T] [thread 92] bm_register_write
[12:45:44.575] [bmv2] [T] [thread 92] bm_register_write
[12:45:44.575] [bmv2] [T] [thread 92] bm_table_add_entry
[12:45:44.575] [bmv2] [D] [thread 92] Entry 0 added to table 'MyIngress.modbus_sec'
[12:45:44.575] [bmv2] [D] [thread 92] Dumping entry 0
Match key:
* standard_metadata.egress_spec: EXACT     0001
Action entry: MyIngress.decipher - 

[12:45:44.575] [bmv2] [T] [thread 92] bm_table_add_entry
[12:45:44.575] [bmv2] [D] [thread 92] Entry 1 added to table 'MyIngress.modbus_sec'
[12:45:44.575] [bmv2] [D] [thread 92] Dumping entry 1
Match key:
* standard_metadata.egress_spec: EXACT     0002
Action entry: MyIngress.cipher - 

[12:46:46.222] [bmv2] [D] [thread 75] [0.0] [cxt 0] Processing packet received on port 1
[12:46:46.222] [bmv2] [D] [thread 75] [0.0] [cxt 0] Parser 'parser': start
[12:46:46.222] [bmv2] [D] [thread 75] [0.0] [cxt 0] Parser 'parser' entering state 'start'
[12:46:46.222] [bmv2] [D] [thread 75] [0.0] [cxt 0] Parser set: setting field 'scalars.metadata._isSec6' to 0
[12:46:46.222] [bmv2] [D] [thread 75] [0.0] [cxt 0] Extracting header 'ethernet'
[12:46:46.222] [bmv2] [D] [thread 75] [0.0] [cxt 0] Parser state 'start': key is 0800
[12:46:46.222] [bmv2] [T] [thread 75] [0.0] [cxt 0] Bytes parsed: 14
[12:46:46.222] [bmv2] [D] [thread 75] [0.0] [cxt 0] Parser 'parser' entering state 'parse_ipv4'
[12:46:46.222] [bmv2] [D] [thread 75] [0.0] [cxt 0] Extracting header 'ipv4'
[12:46:46.222] [bmv2] [D] [thread 75] [0.0] [cxt 0] Parser state 'parse_ipv4': key is 05
[12:46:46.222] [bmv2] [T] [thread 75] [0.0] [cxt 0] Bytes parsed: 34
[12:46:46.222] [bmv2] [D] [thread 75] [0.0] [cxt 0] Parser 'parser' entering state 'no_parse_ipv4_options'
[12:46:46.222] [bmv2] [D] [thread 75] [0.0] [cxt 0] Parser state 'no_parse_ipv4_options': key is 06
[12:46:46.222] [bmv2] [T] [thread 75] [0.0] [cxt 0] Bytes parsed: 34
[12:46:46.222] [bmv2] [D] [thread 75] [0.0] [cxt 0] Parser 'parser' entering state 'parse_tcp'
[12:46:46.222] [bmv2] [D] [thread 75] [0.0] [cxt 0] Extracting header 'tcp'
[12:46:46.222] [bmv2] [D] [thread 75] [0.0] [cxt 0] Parser set: setting field 'scalars.metadata._tcp_metadata_full_length0' from expression, new value is 320
[12:46:46.222] [bmv2] [D] [thread 75] [0.0] [cxt 0] Parser set: setting field 'scalars.metadata._tcp_metadata_header_length2' from expression, new value is 320
[12:46:46.222] [bmv2] [D] [thread 75] [0.0] [cxt 0] Parser set: setting field 'scalars.metadata._tcp_metadata_payload_length4' from expression, new value is 0
[12:46:46.222] [bmv2] [D] [thread 75] [0.0] [cxt 0] Parser set: setting field 'scalars.tmp' from expression, new value is 0
[12:46:46.222] [bmv2] [D] [thread 75] [0.0] [cxt 0] Parser state 'parse_tcp': key is 0000
[12:46:46.222] [bmv2] [T] [thread 75] [0.0] [cxt 0] Bytes parsed: 54
[12:46:46.222] [bmv2] [D] [thread 75] [0.0] [cxt 0] Parser 'parser': end
[12:46:46.222] [bmv2] [D] [thread 75] [0.0] [cxt 0] Pipeline 'ingress': start
[12:46:46.222] [bmv2] [T] [thread 75] [0.0] [cxt 0] industrial_aes.p4(325) Condition "hdr.ipv4.isValid()" (node_2) is true
[12:46:46.222] [bmv2] [T] [thread 75] [0.0] [cxt 0] Applying table 'MyIngress.ipv4_lpm'
[12:46:46.222] [bmv2] [D] [thread 75] [0.0] [cxt 0] Looking up key:
* hdr.ipv4.dstAddr    : c8010107

[12:46:46.222] [bmv2] [D] [thread 75] [0.0] [cxt 0] Table 'MyIngress.ipv4_lpm': hit with handle 0
[12:46:46.222] [bmv2] [D] [thread 75] [0.0] [cxt 0] Dumping entry 0
Match key:
* hdr.ipv4.dstAddr    : LPM       c8010107/32
Action entry: MyIngress.ipv4_forward - 3,2,

[12:46:46.222] [bmv2] [D] [thread 75] [0.0] [cxt 0] Action entry is MyIngress.ipv4_forward - 3,2,
[12:46:46.222] [bmv2] [T] [thread 75] [0.0] [cxt 0] Action MyIngress.ipv4_forward
[12:46:46.222] [bmv2] [T] [thread 75] [0.0] [cxt 0] industrial_aes.p4(240) Primitive standard_metadata.egress_spec = port
[12:46:46.222] [bmv2] [T] [thread 75] [0.0] [cxt 0] industrial_aes.p4(241) Primitive hdr.ethernet.srcAddr = hdr.ethernet.dstAddr
[12:46:46.222] [bmv2] [T] [thread 75] [0.0] [cxt 0] industrial_aes.p4(242) Primitive hdr.ethernet.dstAddr = dstAddr
[12:46:46.222] [bmv2] [T] [thread 75] [0.0] [cxt 0] industrial_aes.p4(243) Primitive hdr.ipv4.ttl = hdr.ipv4.ttl - 1
[12:46:46.222] [bmv2] [T] [thread 75] [0.0] [cxt 0] industrial_aes.p4(327) Condition "hdr.tcp.isValid()" (node_4) is true
[12:46:46.222] [bmv2] [T] [thread 75] [0.0] [cxt 0] industrial_aes.p4(328) Condition "hdr.modbus_tcp.isValid()" (node_5) is false
[12:46:46.222] [bmv2] [D] [thread 75] [0.0] [cxt 0] Pipeline 'ingress': end
[12:46:46.222] [bmv2] [D] [thread 75] [0.0] [cxt 0] Egress port is 2
[12:46:46.222] [bmv2] [D] [thread 78] [0.0] [cxt 0] Pipeline 'egress': start
[12:46:46.222] [bmv2] [T] [thread 78] [0.0] [cxt 0] industrial_aes.p4(359) Condition "meta.isSec == 1" (node_9) is false
[12:46:46.222] [bmv2] [D] [thread 78] [0.0] [cxt 0] Pipeline 'egress': end
[12:46:46.222] [bmv2] [D] [thread 78] [0.0] [cxt 0] Deparser 'deparser': start
[12:46:46.222] [bmv2] [D] [thread 78] [0.0] [cxt 0] Updating checksum 'cksum'
[12:46:46.222] [bmv2] [D] [thread 78] [0.0] [cxt 0] Deparsing header 'ethernet'
[12:46:46.222] [bmv2] [D] [thread 78] [0.0] [cxt 0] Deparsing header 'ipv4'
[12:46:46.222] [bmv2] [D] [thread 78] [0.0] [cxt 0] Deparsing header 'tcp'
[12:46:46.222] [bmv2] [D] [thread 78] [0.0] [cxt 0] Deparser 'deparser': end
[12:46:46.222] [bmv2] [D] [thread 80] [0.0] [cxt 0] Transmitting packet of size 74 out of port 2
[12:46:46.224] [bmv2] [D] [thread 75] [1.0] [cxt 0] Processing packet received on port 2
[12:46:46.224] [bmv2] [D] [thread 75] [1.0] [cxt 0] Parser 'parser': start
[12:46:46.224] [bmv2] [D] [thread 75] [1.0] [cxt 0] Parser 'parser' entering state 'start'
[12:46:46.224] [bmv2] [D] [thread 75] [1.0] [cxt 0] Parser set: setting field 'scalars.metadata._isSec6' to 0
[12:46:46.224] [bmv2] [D] [thread 75] [1.0] [cxt 0] Extracting header 'ethernet'
[12:46:46.224] [bmv2] [D] [thread 75] [1.0] [cxt 0] Parser state 'start': key is 0800
[12:46:46.224] [bmv2] [T] [thread 75] [1.0] [cxt 0] Bytes parsed: 14
[12:46:46.224] [bmv2] [D] [thread 75] [1.0] [cxt 0] Parser 'parser' entering state 'parse_ipv4'
[12:46:46.224] [bmv2] [D] [thread 75] [1.0] [cxt 0] Extracting header 'ipv4'
[12:46:46.224] [bmv2] [D] [thread 75] [1.0] [cxt 0] Parser state 'parse_ipv4': key is 05
[12:46:46.224] [bmv2] [T] [thread 75] [1.0] [cxt 0] Bytes parsed: 34
[12:46:46.224] [bmv2] [D] [thread 75] [1.0] [cxt 0] Parser 'parser' entering state 'no_parse_ipv4_options'
[12:46:46.224] [bmv2] [D] [thread 75] [1.0] [cxt 0] Parser state 'no_parse_ipv4_options': key is 06
[12:46:46.224] [bmv2] [T] [thread 75] [1.0] [cxt 0] Bytes parsed: 34
[12:46:46.224] [bmv2] [D] [thread 75] [1.0] [cxt 0] Parser 'parser' entering state 'parse_tcp'
[12:46:46.224] [bmv2] [D] [thread 75] [1.0] [cxt 0] Extracting header 'tcp'
[12:46:46.224] [bmv2] [D] [thread 75] [1.0] [cxt 0] Parser set: setting field 'scalars.metadata._tcp_metadata_full_length0' from expression, new value is 320
[12:46:46.224] [bmv2] [D] [thread 75] [1.0] [cxt 0] Parser set: setting field 'scalars.metadata._tcp_metadata_header_length2' from expression, new value is 320
[12:46:46.224] [bmv2] [D] [thread 75] [1.0] [cxt 0] Parser set: setting field 'scalars.metadata._tcp_metadata_payload_length4' from expression, new value is 0
[12:46:46.224] [bmv2] [D] [thread 75] [1.0] [cxt 0] Parser set: setting field 'scalars.tmp' from expression, new value is 0
[12:46:46.224] [bmv2] [D] [thread 75] [1.0] [cxt 0] Parser state 'parse_tcp': key is 0000
[12:46:46.224] [bmv2] [T] [thread 75] [1.0] [cxt 0] Bytes parsed: 54
[12:46:46.224] [bmv2] [D] [thread 75] [1.0] [cxt 0] Parser 'parser': end
[12:46:46.224] [bmv2] [D] [thread 75] [1.0] [cxt 0] Pipeline 'ingress': start
[12:46:46.224] [bmv2] [T] [thread 75] [1.0] [cxt 0] industrial_aes.p4(325) Condition "hdr.ipv4.isValid()" (node_2) is true
[12:46:46.224] [bmv2] [T] [thread 75] [1.0] [cxt 0] Applying table 'MyIngress.ipv4_lpm'
[12:46:46.224] [bmv2] [D] [thread 75] [1.0] [cxt 0] Looking up key:
* hdr.ipv4.dstAddr    : c30b0e05

[12:46:46.224] [bmv2] [D] [thread 75] [1.0] [cxt 0] Table 'MyIngress.ipv4_lpm': hit with handle 3
[12:46:46.224] [bmv2] [D] [thread 75] [1.0] [cxt 0] Dumping entry 3
Match key:
* hdr.ipv4.dstAddr    : LPM       c30b0e05/32
Action entry: MyIngress.ipv4_forward - a000101,1,

[12:46:46.224] [bmv2] [D] [thread 75] [1.0] [cxt 0] Action entry is MyIngress.ipv4_forward - a000101,1,
[12:46:46.224] [bmv2] [T] [thread 75] [1.0] [cxt 0] Action MyIngress.ipv4_forward
[12:46:46.224] [bmv2] [T] [thread 75] [1.0] [cxt 0] industrial_aes.p4(240) Primitive standard_metadata.egress_spec = port
[12:46:46.224] [bmv2] [T] [thread 75] [1.0] [cxt 0] industrial_aes.p4(241) Primitive hdr.ethernet.srcAddr = hdr.ethernet.dstAddr
[12:46:46.224] [bmv2] [T] [thread 75] [1.0] [cxt 0] industrial_aes.p4(242) Primitive hdr.ethernet.dstAddr = dstAddr
[12:46:46.224] [bmv2] [T] [thread 75] [1.0] [cxt 0] industrial_aes.p4(243) Primitive hdr.ipv4.ttl = hdr.ipv4.ttl - 1
[12:46:46.224] [bmv2] [T] [thread 75] [1.0] [cxt 0] industrial_aes.p4(327) Condition "hdr.tcp.isValid()" (node_4) is true
[12:46:46.224] [bmv2] [T] [thread 75] [1.0] [cxt 0] industrial_aes.p4(328) Condition "hdr.modbus_tcp.isValid()" (node_5) is false
[12:46:46.224] [bmv2] [D] [thread 75] [1.0] [cxt 0] Pipeline 'ingress': end
[12:46:46.224] [bmv2] [D] [thread 75] [1.0] [cxt 0] Egress port is 1
[12:46:46.224] [bmv2] [D] [thread 77] [1.0] [cxt 0] Pipeline 'egress': start
[12:46:46.224] [bmv2] [T] [thread 77] [1.0] [cxt 0] industrial_aes.p4(359) Condition "meta.isSec == 1" (node_9) is false
[12:46:46.224] [bmv2] [D] [thread 77] [1.0] [cxt 0] Pipeline 'egress': end
[12:46:46.224] [bmv2] [D] [thread 77] [1.0] [cxt 0] Deparser 'deparser': start
[12:46:46.224] [bmv2] [D] [thread 77] [1.0] [cxt 0] Updating checksum 'cksum'
[12:46:46.224] [bmv2] [D] [thread 77] [1.0] [cxt 0] Deparsing header 'ethernet'
[12:46:46.224] [bmv2] [D] [thread 77] [1.0] [cxt 0] Deparsing header 'ipv4'
[12:46:46.224] [bmv2] [D] [thread 77] [1.0] [cxt 0] Deparsing header 'tcp'
[12:46:46.224] [bmv2] [D] [thread 77] [1.0] [cxt 0] Deparser 'deparser': end
[12:46:46.224] [bmv2] [D] [thread 80] [1.0] [cxt 0] Transmitting packet of size 74 out of port 1
[12:46:46.224] [bmv2] [D] [thread 75] [2.0] [cxt 0] Processing packet received on port 1
[12:46:46.224] [bmv2] [D] [thread 75] [2.0] [cxt 0] Parser 'parser': start
[12:46:46.224] [bmv2] [D] [thread 75] [2.0] [cxt 0] Parser 'parser' entering state 'start'
[12:46:46.224] [bmv2] [D] [thread 75] [2.0] [cxt 0] Parser set: setting field 'scalars.metadata._isSec6' to 0
[12:46:46.224] [bmv2] [D] [thread 75] [2.0] [cxt 0] Extracting header 'ethernet'
[12:46:46.224] [bmv2] [D] [thread 75] [2.0] [cxt 0] Parser state 'start': key is 0800
[12:46:46.224] [bmv2] [T] [thread 75] [2.0] [cxt 0] Bytes parsed: 14
[12:46:46.224] [bmv2] [D] [thread 75] [2.0] [cxt 0] Parser 'parser' entering state 'parse_ipv4'
[12:46:46.224] [bmv2] [D] [thread 75] [2.0] [cxt 0] Extracting header 'ipv4'
[12:46:46.224] [bmv2] [D] [thread 75] [2.0] [cxt 0] Parser state 'parse_ipv4': key is 05
[12:46:46.224] [bmv2] [T] [thread 75] [2.0] [cxt 0] Bytes parsed: 34
[12:46:46.224] [bmv2] [D] [thread 75] [2.0] [cxt 0] Parser 'parser' entering state 'no_parse_ipv4_options'
[12:46:46.224] [bmv2] [D] [thread 75] [2.0] [cxt 0] Parser state 'no_parse_ipv4_options': key is 06
[12:46:46.224] [bmv2] [T] [thread 75] [2.0] [cxt 0] Bytes parsed: 34
[12:46:46.224] [bmv2] [D] [thread 75] [2.0] [cxt 0] Parser 'parser' entering state 'parse_tcp'
[12:46:46.224] [bmv2] [D] [thread 75] [2.0] [cxt 0] Extracting header 'tcp'
[12:46:46.224] [bmv2] [D] [thread 75] [2.0] [cxt 0] Parser set: setting field 'scalars.metadata._tcp_metadata_full_length0' from expression, new value is 256
[12:46:46.224] [bmv2] [D] [thread 75] [2.0] [cxt 0] Parser set: setting field 'scalars.metadata._tcp_metadata_header_length2' from expression, new value is 256
[12:46:46.224] [bmv2] [D] [thread 75] [2.0] [cxt 0] Parser set: setting field 'scalars.metadata._tcp_metadata_payload_length4' from expression, new value is 0
[12:46:46.224] [bmv2] [D] [thread 75] [2.0] [cxt 0] Parser set: setting field 'scalars.tmp' from expression, new value is 0
[12:46:46.224] [bmv2] [D] [thread 75] [2.0] [cxt 0] Parser state 'parse_tcp': key is 0000
[12:46:46.224] [bmv2] [T] [thread 75] [2.0] [cxt 0] Bytes parsed: 54
[12:46:46.224] [bmv2] [D] [thread 75] [2.0] [cxt 0] Parser 'parser': end
[12:46:46.224] [bmv2] [D] [thread 75] [2.0] [cxt 0] Pipeline 'ingress': start
[12:46:46.224] [bmv2] [T] [thread 75] [2.0] [cxt 0] industrial_aes.p4(325) Condition "hdr.ipv4.isValid()" (node_2) is true
[12:46:46.224] [bmv2] [T] [thread 75] [2.0] [cxt 0] Applying table 'MyIngress.ipv4_lpm'
[12:46:46.224] [bmv2] [D] [thread 75] [2.0] [cxt 0] Looking up key:
* hdr.ipv4.dstAddr    : c8010107

[12:46:46.224] [bmv2] [D] [thread 75] [2.0] [cxt 0] Table 'MyIngress.ipv4_lpm': hit with handle 0
[12:46:46.224] [bmv2] [D] [thread 75] [2.0] [cxt 0] Dumping entry 0
Match key:
* hdr.ipv4.dstAddr    : LPM       c8010107/32
Action entry: MyIngress.ipv4_forward - 3,2,

[12:46:46.224] [bmv2] [D] [thread 75] [2.0] [cxt 0] Action entry is MyIngress.ipv4_forward - 3,2,
[12:46:46.224] [bmv2] [T] [thread 75] [2.0] [cxt 0] Action MyIngress.ipv4_forward
[12:46:46.224] [bmv2] [T] [thread 75] [2.0] [cxt 0] industrial_aes.p4(240) Primitive standard_metadata.egress_spec = port
[12:46:46.224] [bmv2] [T] [thread 75] [2.0] [cxt 0] industrial_aes.p4(241) Primitive hdr.ethernet.srcAddr = hdr.ethernet.dstAddr
[12:46:46.224] [bmv2] [T] [thread 75] [2.0] [cxt 0] industrial_aes.p4(242) Primitive hdr.ethernet.dstAddr = dstAddr
[12:46:46.224] [bmv2] [T] [thread 75] [2.0] [cxt 0] industrial_aes.p4(243) Primitive hdr.ipv4.ttl = hdr.ipv4.ttl - 1
[12:46:46.224] [bmv2] [T] [thread 75] [2.0] [cxt 0] industrial_aes.p4(327) Condition "hdr.tcp.isValid()" (node_4) is true
[12:46:46.224] [bmv2] [T] [thread 75] [2.0] [cxt 0] industrial_aes.p4(328) Condition "hdr.modbus_tcp.isValid()" (node_5) is false
[12:46:46.224] [bmv2] [D] [thread 75] [2.0] [cxt 0] Pipeline 'ingress': end
[12:46:46.224] [bmv2] [D] [thread 75] [2.0] [cxt 0] Egress port is 2
[12:46:46.224] [bmv2] [D] [thread 78] [2.0] [cxt 0] Pipeline 'egress': start
[12:46:46.224] [bmv2] [T] [thread 78] [2.0] [cxt 0] industrial_aes.p4(359) Condition "meta.isSec == 1" (node_9) is false
[12:46:46.224] [bmv2] [D] [thread 78] [2.0] [cxt 0] Pipeline 'egress': end
[12:46:46.224] [bmv2] [D] [thread 78] [2.0] [cxt 0] Deparser 'deparser': start
[12:46:46.224] [bmv2] [D] [thread 78] [2.0] [cxt 0] Updating checksum 'cksum'
[12:46:46.224] [bmv2] [D] [thread 78] [2.0] [cxt 0] Deparsing header 'ethernet'
[12:46:46.224] [bmv2] [D] [thread 78] [2.0] [cxt 0] Deparsing header 'ipv4'
[12:46:46.224] [bmv2] [D] [thread 78] [2.0] [cxt 0] Deparsing header 'tcp'
[12:46:46.224] [bmv2] [D] [thread 78] [2.0] [cxt 0] Deparser 'deparser': end
[12:46:46.224] [bmv2] [D] [thread 80] [2.0] [cxt 0] Transmitting packet of size 66 out of port 2
[12:46:46.224] [bmv2] [D] [thread 75] [3.0] [cxt 0] Processing packet received on port 1
[12:46:46.224] [bmv2] [D] [thread 75] [3.0] [cxt 0] Parser 'parser': start
[12:46:46.224] [bmv2] [D] [thread 75] [3.0] [cxt 0] Parser 'parser' entering state 'start'
[12:46:46.224] [bmv2] [D] [thread 75] [3.0] [cxt 0] Parser set: setting field 'scalars.metadata._isSec6' to 0
[12:46:46.224] [bmv2] [D] [thread 75] [3.0] [cxt 0] Extracting header 'ethernet'
[12:46:46.224] [bmv2] [D] [thread 75] [3.0] [cxt 0] Parser state 'start': key is 0800
[12:46:46.224] [bmv2] [T] [thread 75] [3.0] [cxt 0] Bytes parsed: 14
[12:46:46.224] [bmv2] [D] [thread 75] [3.0] [cxt 0] Parser 'parser' entering state 'parse_ipv4'
[12:46:46.224] [bmv2] [D] [thread 75] [3.0] [cxt 0] Extracting header 'ipv4'
[12:46:46.224] [bmv2] [D] [thread 75] [3.0] [cxt 0] Parser state 'parse_ipv4': key is 05
[12:46:46.224] [bmv2] [T] [thread 75] [3.0] [cxt 0] Bytes parsed: 34
[12:46:46.224] [bmv2] [D] [thread 75] [3.0] [cxt 0] Parser 'parser' entering state 'no_parse_ipv4_options'
[12:46:46.224] [bmv2] [D] [thread 75] [3.0] [cxt 0] Parser state 'no_parse_ipv4_options': key is 06
[12:46:46.224] [bmv2] [T] [thread 75] [3.0] [cxt 0] Bytes parsed: 34
[12:46:46.224] [bmv2] [D] [thread 75] [3.0] [cxt 0] Parser 'parser' entering state 'parse_tcp'
[12:46:46.224] [bmv2] [D] [thread 75] [3.0] [cxt 0] Extracting header 'tcp'
[12:46:46.224] [bmv2] [D] [thread 75] [3.0] [cxt 0] Parser set: setting field 'scalars.metadata._tcp_metadata_full_length0' from expression, new value is 352
[12:46:46.224] [bmv2] [D] [thread 75] [3.0] [cxt 0] Parser set: setting field 'scalars.metadata._tcp_metadata_header_length2' from expression, new value is 256
[12:46:46.224] [bmv2] [D] [thread 75] [3.0] [cxt 0] Parser set: setting field 'scalars.metadata._tcp_metadata_payload_length4' from expression, new value is 96
[12:46:46.224] [bmv2] [D] [thread 75] [3.0] [cxt 0] Parser set: setting field 'scalars.tmp' from expression, new value is 96
[12:46:46.224] [bmv2] [D] [thread 75] [3.0] [cxt 0] Parser state 'parse_tcp': key is 0060
[12:46:46.224] [bmv2] [T] [thread 75] [3.0] [cxt 0] Bytes parsed: 54
[12:46:46.224] [bmv2] [D] [thread 75] [3.0] [cxt 0] Parser 'parser' entering state 'check_dst_port_tcp'
[12:46:46.224] [bmv2] [D] [thread 75] [3.0] [cxt 0] Parser state 'check_dst_port_tcp': key is 01f6
[12:46:46.224] [bmv2] [T] [thread 75] [3.0] [cxt 0] Bytes parsed: 54
[12:46:46.224] [bmv2] [D] [thread 75] [3.0] [cxt 0] Parser 'parser' entering state 'extract_modbus_tcp'
[12:46:46.224] [bmv2] [D] [thread 75] [3.0] [cxt 0] Extracting header 'tcp_options'
[12:46:46.224] [bmv2] [D] [thread 75] [3.0] [cxt 0] Extracting header 'modbus_tcp'
[12:46:46.224] [bmv2] [D] [thread 75] [3.0] [cxt 0] Parser state 'extract_modbus_tcp': key is 0006
[12:46:46.224] [bmv2] [T] [thread 75] [3.0] [cxt 0] Bytes parsed: 73
[12:46:46.224] [bmv2] [D] [thread 75] [3.0] [cxt 0] Parser 'parser' entering state 'parse_payload_modbus'
[12:46:46.224] [bmv2] [D] [thread 75] [3.0] [cxt 0] Parser set: setting field 'scalars.tmp_0' from expression, new value is 40
[12:46:46.224] [bmv2] [D] [thread 75] [3.0] [cxt 0] Extracting variable-sized header 'payload'
[12:46:46.224] [bmv2] [D] [thread 75] [3.0] [cxt 0] Parser state 'parse_payload_modbus' has no switch, going to default next state
[12:46:46.224] [bmv2] [T] [thread 75] [3.0] [cxt 0] Bytes parsed: 78
[12:46:46.224] [bmv2] [D] [thread 75] [3.0] [cxt 0] Parser 'parser': end
[12:46:46.224] [bmv2] [D] [thread 75] [3.0] [cxt 0] Pipeline 'ingress': start
[12:46:46.224] [bmv2] [T] [thread 75] [3.0] [cxt 0] industrial_aes.p4(325) Condition "hdr.ipv4.isValid()" (node_2) is true
[12:46:46.224] [bmv2] [T] [thread 75] [3.0] [cxt 0] Applying table 'MyIngress.ipv4_lpm'
[12:46:46.224] [bmv2] [D] [thread 75] [3.0] [cxt 0] Looking up key:
* hdr.ipv4.dstAddr    : c8010107

[12:46:46.224] [bmv2] [D] [thread 75] [3.0] [cxt 0] Table 'MyIngress.ipv4_lpm': hit with handle 0
[12:46:46.224] [bmv2] [D] [thread 75] [3.0] [cxt 0] Dumping entry 0
Match key:
* hdr.ipv4.dstAddr    : LPM       c8010107/32
Action entry: MyIngress.ipv4_forward - 3,2,

[12:46:46.224] [bmv2] [D] [thread 75] [3.0] [cxt 0] Action entry is MyIngress.ipv4_forward - 3,2,
[12:46:46.224] [bmv2] [T] [thread 75] [3.0] [cxt 0] Action MyIngress.ipv4_forward
[12:46:46.224] [bmv2] [T] [thread 75] [3.0] [cxt 0] industrial_aes.p4(240) Primitive standard_metadata.egress_spec = port
[12:46:46.224] [bmv2] [T] [thread 75] [3.0] [cxt 0] industrial_aes.p4(241) Primitive hdr.ethernet.srcAddr = hdr.ethernet.dstAddr
[12:46:46.224] [bmv2] [T] [thread 75] [3.0] [cxt 0] industrial_aes.p4(242) Primitive hdr.ethernet.dstAddr = dstAddr
[12:46:46.224] [bmv2] [T] [thread 75] [3.0] [cxt 0] industrial_aes.p4(243) Primitive hdr.ipv4.ttl = hdr.ipv4.ttl - 1
[12:46:46.224] [bmv2] [T] [thread 75] [3.0] [cxt 0] industrial_aes.p4(327) Condition "hdr.tcp.isValid()" (node_4) is true
[12:46:46.224] [bmv2] [T] [thread 75] [3.0] [cxt 0] industrial_aes.p4(328) Condition "hdr.modbus_tcp.isValid()" (node_5) is true
[12:46:46.224] [bmv2] [T] [thread 75] [3.0] [cxt 0] Applying table 'MyIngress.modbus_sec'
[12:46:46.224] [bmv2] [D] [thread 75] [3.0] [cxt 0] Looking up key:
* standard_metadata.egress_spec: 0002

[12:46:46.224] [bmv2] [D] [thread 75] [3.0] [cxt 0] Table 'MyIngress.modbus_sec': hit with handle 1
[12:46:46.224] [bmv2] [D] [thread 75] [3.0] [cxt 0] Dumping entry 1
Match key:
* standard_metadata.egress_spec: EXACT     0002
Action entry: MyIngress.cipher - 

[12:46:46.224] [bmv2] [D] [thread 75] [3.0] [cxt 0] Action entry is MyIngress.cipher - 
[12:46:46.224] [bmv2] [T] [thread 75] [3.0] [cxt 0] Action MyIngress.cipher
[12:46:46.224] [bmv2] [T] [thread 75] [3.0] [cxt 0] industrial_aes.p4(263) Primitive meta.isSec = 1
[12:46:46.224] [bmv2] [T] [thread 75] [3.0] [cxt 0] industrial_aes.p4(264) Primitive hdr.payload_encrypt.setValid()
[12:46:46.224] [bmv2] [T] [thread 75] [3.0] [cxt 0] industrial_aes.p4(265) Primitive hdr.ipv4_options.setValid()
[12:46:46.224] [bmv2] [T] [thread 75] [3.0] [cxt 0] industrial_aes.p4(268) Primitive keys.read(k1, 0)
[12:46:46.224] [bmv2] [T] [thread 75] [3.0] [cxt 0] Read register 'MyIngress.keys' at index 0 read value 729683222
[12:46:46.224] [bmv2] [T] [thread 75] [3.0] [cxt 0] industrial_aes.p4(269) Primitive keys.read(k2, 1)
[12:46:46.224] [bmv2] [T] [thread 75] [3.0] [cxt 0] Read register 'MyIngress.keys' at index 1 read value 682545830
[12:46:46.224] [bmv2] [T] [thread 75] [3.0] [cxt 0] industrial_aes.p4(270) Primitive keys.read(k3, 2)
[12:46:46.224] [bmv2] [T] [thread 75] [3.0] [cxt 0] Read register 'MyIngress.keys' at index 2 read value 2885096840
[12:46:46.224] [bmv2] [T] [thread 75] [3.0] [cxt 0] industrial_aes.p4(271) Primitive keys.read(k4, 3)
[12:46:46.224] [bmv2] [T] [thread 75] [3.0] [cxt 0] Read register 'MyIngress.keys' at index 3 read value 164581180
[12:46:46.224] [bmv2] [T] [thread 75] [3.0] [cxt 0] industrial_aes.p4(272) Primitive keys.read(k5, 4)
[12:46:46.224] [bmv2] [T] [thread 75] [3.0] [cxt 0] Read register 'MyIngress.keys' at index 4 read value 0
[12:46:46.224] [bmv2] [T] [thread 75] [3.0] [cxt 0] industrial_aes.p4(273) Primitive keys.read(k6, 5)
[12:46:46.224] [bmv2] [T] [thread 75] [3.0] [cxt 0] Read register 'MyIngress.keys' at index 5 read value 0
[12:46:46.224] [bmv2] [T] [thread 75] [3.0] [cxt 0] industrial_aes.p4(274) Primitive keys.read(k7, 6)
[12:46:46.224] [bmv2] [T] [thread 75] [3.0] [cxt 0] Read register 'MyIngress.keys' at index 6 read value 0
[12:46:46.224] [bmv2] [T] [thread 75] [3.0] [cxt 0] industrial_aes.p4(275) Primitive keys.read(k8, 7)
[12:46:46.224] [bmv2] [T] [thread 75] [3.0] [cxt 0] Read register 'MyIngress.keys' at index 7 read value 0
[12:46:46.224] [bmv2] [T] [thread 75] [3.0] [cxt 0] industrial_aes.p4(277) Primitive hdr.ipv4_options.savedLen = (bit<32>)useful_length_fixed
[12:46:46.224] [bmv2] [T] [thread 75] [3.0] [cxt 0] industrial_aes.p4(278) Primitive useful_length_fixed
[12:46:46.224] [bmv2] [T] [thread 75] [3.0] [cxt 0] industrial_aes.p4(278) Primitive sha256_hash_1024(hdr.ipv4_options.sha, k1, k2, hdr.tcp.seqNo, hdr.payload.content, useful_length_fixed)
[12:46:46.224] [bmv2] [T] [thread 75] [3.0] [cxt 0] industrial_aes.p4(279) Primitive hdr.ipv4.ihl = 14
[12:46:46.224] [bmv2] [T] [thread 75] [3.0] [cxt 0] industrial_aes.p4(280) Primitive useful_length_fixed
[12:46:46.224] [bmv2] [T] [thread 75] [3.0] [cxt 0] industrial_aes.p4(280) Primitive Encrypt(hdr.payload.content, hdr.payload_encrypt.content, k1, k2, k3, k4, k5, k6, k7, k8, useful_length_fixed, hdr.tcp.seqNo)
[12:46:46.224] [bmv2] [T] [thread 75] [3.0] [cxt 0] industrial_aes.p4(282) Primitive hdr.ipv4.totalLen = hdr.ipv4.totalLen - useful_length_fixed + crypt_payload_length + 36
[12:46:46.224] [bmv2] [T] [thread 75] [3.0] [cxt 0] industrial_aes.p4(283) Primitive hdr.payload.setInvalid()
[12:46:46.224] [bmv2] [D] [thread 75] [3.0] [cxt 0] Pipeline 'ingress': end
[12:46:46.224] [bmv2] [D] [thread 75] [3.0] [cxt 0] Egress port is 2
[12:46:46.224] [bmv2] [D] [thread 78] [3.0] [cxt 0] Pipeline 'egress': start
[12:46:46.224] [bmv2] [T] [thread 78] [3.0] [cxt 0] industrial_aes.p4(359) Condition "meta.isSec == 1" (node_9) is true
[12:46:46.224] [bmv2] [T] [thread 78] [3.0] [cxt 0] Applying table 'tbl_industrial_aes361'
[12:46:46.224] [bmv2] [D] [thread 78] [3.0] [cxt 0] Looking up key:

[12:46:46.224] [bmv2] [D] [thread 78] [3.0] [cxt 0] Table 'tbl_industrial_aes361': miss
[12:46:46.224] [bmv2] [D] [thread 78] [3.0] [cxt 0] Action entry is industrial_aes361 - 
[12:46:46.224] [bmv2] [T] [thread 78] [3.0] [cxt 0] Action industrial_aes361
[12:46:46.224] [bmv2] [T] [thread 78] [3.0] [cxt 0] industrial_aes.p4(361) Primitive last_saved_index.read(current_index, 0)
[12:46:46.224] [bmv2] [T] [thread 78] [3.0] [cxt 0] Read register 'MyEgress.last_saved_index' at index 0 read value 0
[12:46:46.224] [bmv2] [T] [thread 78] [3.0] [cxt 0] industrial_aes.p4(365) Primitive standard_metadata.egress_global_timestamp-standard_metadata.ingress_global_timestamp
[12:46:46.224] [bmv2] [T] [thread 78] [3.0] [cxt 0] industrial_aes.p4(364) Primitive packet_processing_time_array.write(current_index, ...
[12:46:46.224] [bmv2] [T] [thread 78] [3.0] [cxt 0] Wrote register 'MyEgress.packet_processing_time_array' at index 0 with value 288
[12:46:46.224] [bmv2] [T] [thread 78] [3.0] [cxt 0] industrial_aes.p4(368) Primitive packet_dequeuing_timedelta_array.write(current_index, ...
[12:46:46.224] [bmv2] [T] [thread 78] [3.0] [cxt 0] Wrote register 'MyEgress.packet_dequeuing_timedelta_array' at index 0 with value 6
[12:46:46.224] [bmv2] [T] [thread 78] [3.0] [cxt 0] industrial_aes.p4(372) Primitive current_index + 1
[12:46:46.224] [bmv2] [T] [thread 78] [3.0] [cxt 0] industrial_aes.p4(372) Primitive last_saved_index.write(0, current_index + 1)
[12:46:46.224] [bmv2] [T] [thread 78] [3.0] [cxt 0] Wrote register 'MyEgress.last_saved_index' at index 0 with value 1
[12:46:46.224] [bmv2] [T] [thread 78] [3.0] [cxt 0] industrial_aes.p4(375) Primitive timestamp_last_seen_packet.write(0, standard_metadata.ingress_global_timestamp)
[12:46:46.224] [bmv2] [T] [thread 78] [3.0] [cxt 0] Wrote register 'MyEgress.timestamp_last_seen_packet' at index 0 with value 62757102
[12:46:46.224] [bmv2] [D] [thread 78] [3.0] [cxt 0] Pipeline 'egress': end
[12:46:46.224] [bmv2] [D] [thread 78] [3.0] [cxt 0] Deparser 'deparser': start
[12:46:46.224] [bmv2] [D] [thread 78] [3.0] [cxt 0] Updating checksum 'cksum'
[12:46:46.224] [bmv2] [D] [thread 78] [3.0] [cxt 0] Deparsing header 'ethernet'
[12:46:46.224] [bmv2] [D] [thread 78] [3.0] [cxt 0] Deparsing header 'ipv4'
[12:46:46.224] [bmv2] [D] [thread 78] [3.0] [cxt 0] Deparsing header 'ipv4_options'
[12:46:46.224] [bmv2] [D] [thread 78] [3.0] [cxt 0] Deparsing header 'tcp'
[12:46:46.225] [bmv2] [D] [thread 78] [3.0] [cxt 0] Deparsing header 'tcp_options'
[12:46:46.225] [bmv2] [D] [thread 78] [3.0] [cxt 0] Deparsing header 'modbus_tcp'
[12:46:46.225] [bmv2] [D] [thread 78] [3.0] [cxt 0] Deparsing header 'payload_encrypt'
[12:46:46.225] [bmv2] [D] [thread 78] [3.0] [cxt 0] Deparser 'deparser': end
[12:46:46.225] [bmv2] [D] [thread 80] [3.0] [cxt 0] Transmitting packet of size 365 out of port 2
[12:46:46.225] [bmv2] [D] [thread 75] [4.0] [cxt 0] Processing packet received on port 2
[12:46:46.225] [bmv2] [D] [thread 75] [4.0] [cxt 0] Parser 'parser': start
[12:46:46.225] [bmv2] [D] [thread 75] [4.0] [cxt 0] Parser 'parser' entering state 'start'
[12:46:46.225] [bmv2] [D] [thread 75] [4.0] [cxt 0] Parser set: setting field 'scalars.metadata._isSec6' to 0
[12:46:46.225] [bmv2] [D] [thread 75] [4.0] [cxt 0] Extracting header 'ethernet'
[12:46:46.225] [bmv2] [D] [thread 75] [4.0] [cxt 0] Parser state 'start': key is 0800
[12:46:46.225] [bmv2] [T] [thread 75] [4.0] [cxt 0] Bytes parsed: 14
[12:46:46.225] [bmv2] [D] [thread 75] [4.0] [cxt 0] Parser 'parser' entering state 'parse_ipv4'
[12:46:46.225] [bmv2] [D] [thread 75] [4.0] [cxt 0] Extracting header 'ipv4'
[12:46:46.225] [bmv2] [D] [thread 75] [4.0] [cxt 0] Parser state 'parse_ipv4': key is 05
[12:46:46.225] [bmv2] [T] [thread 75] [4.0] [cxt 0] Bytes parsed: 34
[12:46:46.225] [bmv2] [D] [thread 75] [4.0] [cxt 0] Parser 'parser' entering state 'no_parse_ipv4_options'
[12:46:46.225] [bmv2] [D] [thread 75] [4.0] [cxt 0] Parser state 'no_parse_ipv4_options': key is 06
[12:46:46.225] [bmv2] [T] [thread 75] [4.0] [cxt 0] Bytes parsed: 34
[12:46:46.225] [bmv2] [D] [thread 75] [4.0] [cxt 0] Parser 'parser' entering state 'parse_tcp'
[12:46:46.225] [bmv2] [D] [thread 75] [4.0] [cxt 0] Extracting header 'tcp'
[12:46:46.225] [bmv2] [D] [thread 75] [4.0] [cxt 0] Parser set: setting field 'scalars.metadata._tcp_metadata_full_length0' from expression, new value is 256
[12:46:46.225] [bmv2] [D] [thread 75] [4.0] [cxt 0] Parser set: setting field 'scalars.metadata._tcp_metadata_header_length2' from expression, new value is 256
[12:46:46.225] [bmv2] [D] [thread 75] [4.0] [cxt 0] Parser set: setting field 'scalars.metadata._tcp_metadata_payload_length4' from expression, new value is 0
[12:46:46.225] [bmv2] [D] [thread 75] [4.0] [cxt 0] Parser set: setting field 'scalars.tmp' from expression, new value is 0
[12:46:46.225] [bmv2] [D] [thread 75] [4.0] [cxt 0] Parser state 'parse_tcp': key is 0000
[12:46:46.225] [bmv2] [T] [thread 75] [4.0] [cxt 0] Bytes parsed: 54
[12:46:46.225] [bmv2] [D] [thread 75] [4.0] [cxt 0] Parser 'parser': end
[12:46:46.225] [bmv2] [D] [thread 75] [4.0] [cxt 0] Pipeline 'ingress': start
[12:46:46.225] [bmv2] [T] [thread 75] [4.0] [cxt 0] industrial_aes.p4(325) Condition "hdr.ipv4.isValid()" (node_2) is true
[12:46:46.225] [bmv2] [T] [thread 75] [4.0] [cxt 0] Applying table 'MyIngress.ipv4_lpm'
[12:46:46.225] [bmv2] [D] [thread 75] [4.0] [cxt 0] Looking up key:
* hdr.ipv4.dstAddr    : c30b0e05

[12:46:46.225] [bmv2] [D] [thread 75] [4.0] [cxt 0] Table 'MyIngress.ipv4_lpm': hit with handle 3
[12:46:46.225] [bmv2] [D] [thread 75] [4.0] [cxt 0] Dumping entry 3
Match key:
* hdr.ipv4.dstAddr    : LPM       c30b0e05/32
Action entry: MyIngress.ipv4_forward - a000101,1,

[12:46:46.225] [bmv2] [D] [thread 75] [4.0] [cxt 0] Action entry is MyIngress.ipv4_forward - a000101,1,
[12:46:46.225] [bmv2] [T] [thread 75] [4.0] [cxt 0] Action MyIngress.ipv4_forward
[12:46:46.225] [bmv2] [T] [thread 75] [4.0] [cxt 0] industrial_aes.p4(240) Primitive standard_metadata.egress_spec = port
[12:46:46.225] [bmv2] [T] [thread 75] [4.0] [cxt 0] industrial_aes.p4(241) Primitive hdr.ethernet.srcAddr = hdr.ethernet.dstAddr
[12:46:46.225] [bmv2] [T] [thread 75] [4.0] [cxt 0] industrial_aes.p4(242) Primitive hdr.ethernet.dstAddr = dstAddr
[12:46:46.225] [bmv2] [T] [thread 75] [4.0] [cxt 0] industrial_aes.p4(243) Primitive hdr.ipv4.ttl = hdr.ipv4.ttl - 1
[12:46:46.225] [bmv2] [T] [thread 75] [4.0] [cxt 0] industrial_aes.p4(327) Condition "hdr.tcp.isValid()" (node_4) is true
[12:46:46.225] [bmv2] [T] [thread 75] [4.0] [cxt 0] industrial_aes.p4(328) Condition "hdr.modbus_tcp.isValid()" (node_5) is false
[12:46:46.225] [bmv2] [D] [thread 75] [4.0] [cxt 0] Pipeline 'ingress': end
[12:46:46.225] [bmv2] [D] [thread 75] [4.0] [cxt 0] Egress port is 1
[12:46:46.225] [bmv2] [D] [thread 77] [4.0] [cxt 0] Pipeline 'egress': start
[12:46:46.225] [bmv2] [T] [thread 77] [4.0] [cxt 0] industrial_aes.p4(359) Condition "meta.isSec == 1" (node_9) is false
[12:46:46.225] [bmv2] [D] [thread 77] [4.0] [cxt 0] Pipeline 'egress': end
[12:46:46.225] [bmv2] [D] [thread 77] [4.0] [cxt 0] Deparser 'deparser': start
[12:46:46.225] [bmv2] [D] [thread 77] [4.0] [cxt 0] Updating checksum 'cksum'
[12:46:46.225] [bmv2] [D] [thread 77] [4.0] [cxt 0] Deparsing header 'ethernet'
[12:46:46.225] [bmv2] [D] [thread 77] [4.0] [cxt 0] Deparsing header 'ipv4'
[12:46:46.225] [bmv2] [D] [thread 77] [4.0] [cxt 0] Deparsing header 'tcp'
[12:46:46.225] [bmv2] [D] [thread 77] [4.0] [cxt 0] Deparser 'deparser': end
[12:46:46.225] [bmv2] [D] [thread 80] [4.0] [cxt 0] Transmitting packet of size 66 out of port 1
[12:46:46.226] [bmv2] [D] [thread 75] [5.0] [cxt 0] Processing packet received on port 2
[12:46:46.226] [bmv2] [D] [thread 75] [5.0] [cxt 0] Parser 'parser': start
[12:46:46.226] [bmv2] [D] [thread 75] [5.0] [cxt 0] Parser 'parser' entering state 'start'
[12:46:46.226] [bmv2] [D] [thread 75] [5.0] [cxt 0] Parser set: setting field 'scalars.metadata._isSec6' to 0
[12:46:46.226] [bmv2] [D] [thread 75] [5.0] [cxt 0] Extracting header 'ethernet'
[12:46:46.226] [bmv2] [D] [thread 75] [5.0] [cxt 0] Parser state 'start': key is 0800
[12:46:46.226] [bmv2] [T] [thread 75] [5.0] [cxt 0] Bytes parsed: 14
[12:46:46.226] [bmv2] [D] [thread 75] [5.0] [cxt 0] Parser 'parser' entering state 'parse_ipv4'
[12:46:46.226] [bmv2] [D] [thread 75] [5.0] [cxt 0] Extracting header 'ipv4'
[12:46:46.226] [bmv2] [D] [thread 75] [5.0] [cxt 0] Parser state 'parse_ipv4': key is 0e
[12:46:46.226] [bmv2] [T] [thread 75] [5.0] [cxt 0] Bytes parsed: 34
[12:46:46.226] [bmv2] [D] [thread 75] [5.0] [cxt 0] Parser 'parser' entering state 'parse_ipv4_options'
[12:46:46.226] [bmv2] [D] [thread 75] [5.0] [cxt 0] Extracting header 'ipv4_options'
[12:46:46.226] [bmv2] [D] [thread 75] [5.0] [cxt 0] Parser state 'parse_ipv4_options': key is 06
[12:46:46.226] [bmv2] [T] [thread 75] [5.0] [cxt 0] Bytes parsed: 70
[12:46:46.226] [bmv2] [D] [thread 75] [5.0] [cxt 0] Parser 'parser' entering state 'parse_tcp'
[12:46:46.226] [bmv2] [D] [thread 75] [5.0] [cxt 0] Extracting header 'tcp'
[12:46:46.226] [bmv2] [D] [thread 75] [5.0] [cxt 0] Parser set: setting field 'scalars.metadata._tcp_metadata_full_length0' from expression, new value is 728
[12:46:46.226] [bmv2] [D] [thread 75] [5.0] [cxt 0] Parser set: setting field 'scalars.metadata._tcp_metadata_header_length2' from expression, new value is 256
[12:46:46.226] [bmv2] [D] [thread 75] [5.0] [cxt 0] Parser set: setting field 'scalars.metadata._tcp_metadata_payload_length4' from expression, new value is 472
[12:46:46.226] [bmv2] [D] [thread 75] [5.0] [cxt 0] Parser set: setting field 'scalars.tmp' from expression, new value is 472
[12:46:46.226] [bmv2] [D] [thread 75] [5.0] [cxt 0] Parser state 'parse_tcp': key is 01d8
[12:46:46.226] [bmv2] [T] [thread 75] [5.0] [cxt 0] Bytes parsed: 90
[12:46:46.226] [bmv2] [D] [thread 75] [5.0] [cxt 0] Parser 'parser' entering state 'check_dst_port_tcp'
[12:46:46.226] [bmv2] [D] [thread 75] [5.0] [cxt 0] Parser state 'check_dst_port_tcp': key is e7d2
[12:46:46.226] [bmv2] [T] [thread 75] [5.0] [cxt 0] Bytes parsed: 90
[12:46:46.226] [bmv2] [D] [thread 75] [5.0] [cxt 0] Parser 'parser' entering state 'check_src_port_tcp'
[12:46:46.226] [bmv2] [D] [thread 75] [5.0] [cxt 0] Parser state 'check_src_port_tcp': key is 01f6
[12:46:46.226] [bmv2] [T] [thread 75] [5.0] [cxt 0] Bytes parsed: 90
[12:46:46.226] [bmv2] [D] [thread 75] [5.0] [cxt 0] Parser 'parser' entering state 'extract_modbus_tcp'
[12:46:46.226] [bmv2] [D] [thread 75] [5.0] [cxt 0] Extracting header 'tcp_options'
[12:46:46.226] [bmv2] [D] [thread 75] [5.0] [cxt 0] Extracting header 'modbus_tcp'
[12:46:46.226] [bmv2] [D] [thread 75] [5.0] [cxt 0] Parser state 'extract_modbus_tcp': key is 0005
[12:46:46.226] [bmv2] [T] [thread 75] [5.0] [cxt 0] Bytes parsed: 109
[12:46:46.226] [bmv2] [D] [thread 75] [5.0] [cxt 0] Parser 'parser' entering state 'parse_payload_modbus'
[12:46:46.226] [bmv2] [D] [thread 75] [5.0] [cxt 0] Parser set: setting field 'scalars.tmp_0' from expression, new value is 128
[12:46:46.226] [bmv2] [D] [thread 75] [5.0] [cxt 0] Extracting variable-sized header 'payload'
[12:46:46.226] [bmv2] [D] [thread 75] [5.0] [cxt 0] Parser state 'parse_payload_modbus' has no switch, going to default next state
[12:46:46.226] [bmv2] [T] [thread 75] [5.0] [cxt 0] Bytes parsed: 125
[12:46:46.226] [bmv2] [D] [thread 75] [5.0] [cxt 0] Parser 'parser': end
[12:46:46.226] [bmv2] [D] [thread 75] [5.0] [cxt 0] Pipeline 'ingress': start
[12:46:46.226] [bmv2] [T] [thread 75] [5.0] [cxt 0] industrial_aes.p4(325) Condition "hdr.ipv4.isValid()" (node_2) is true
[12:46:46.226] [bmv2] [T] [thread 75] [5.0] [cxt 0] Applying table 'MyIngress.ipv4_lpm'
[12:46:46.226] [bmv2] [D] [thread 75] [5.0] [cxt 0] Looking up key:
* hdr.ipv4.dstAddr    : c30b0e05

[12:46:46.226] [bmv2] [D] [thread 75] [5.0] [cxt 0] Table 'MyIngress.ipv4_lpm': hit with handle 3
[12:46:46.226] [bmv2] [D] [thread 75] [5.0] [cxt 0] Dumping entry 3
Match key:
* hdr.ipv4.dstAddr    : LPM       c30b0e05/32
Action entry: MyIngress.ipv4_forward - a000101,1,

[12:46:46.226] [bmv2] [D] [thread 75] [5.0] [cxt 0] Action entry is MyIngress.ipv4_forward - a000101,1,
[12:46:46.226] [bmv2] [T] [thread 75] [5.0] [cxt 0] Action MyIngress.ipv4_forward
[12:46:46.226] [bmv2] [T] [thread 75] [5.0] [cxt 0] industrial_aes.p4(240) Primitive standard_metadata.egress_spec = port
[12:46:46.226] [bmv2] [T] [thread 75] [5.0] [cxt 0] industrial_aes.p4(241) Primitive hdr.ethernet.srcAddr = hdr.ethernet.dstAddr
[12:46:46.226] [bmv2] [T] [thread 75] [5.0] [cxt 0] industrial_aes.p4(242) Primitive hdr.ethernet.dstAddr = dstAddr
[12:46:46.226] [bmv2] [T] [thread 75] [5.0] [cxt 0] industrial_aes.p4(243) Primitive hdr.ipv4.ttl = hdr.ipv4.ttl - 1
[12:46:46.226] [bmv2] [T] [thread 75] [5.0] [cxt 0] industrial_aes.p4(327) Condition "hdr.tcp.isValid()" (node_4) is true
[12:46:46.226] [bmv2] [T] [thread 75] [5.0] [cxt 0] industrial_aes.p4(328) Condition "hdr.modbus_tcp.isValid()" (node_5) is true
[12:46:46.226] [bmv2] [T] [thread 75] [5.0] [cxt 0] Applying table 'MyIngress.modbus_sec'
[12:46:46.226] [bmv2] [D] [thread 75] [5.0] [cxt 0] Looking up key:
* standard_metadata.egress_spec: 0001

[12:46:46.226] [bmv2] [D] [thread 75] [5.0] [cxt 0] Table 'MyIngress.modbus_sec': hit with handle 0
[12:46:46.226] [bmv2] [D] [thread 75] [5.0] [cxt 0] Dumping entry 0
Match key:
* standard_metadata.egress_spec: EXACT     0001
Action entry: MyIngress.decipher - 

[12:46:46.226] [bmv2] [D] [thread 75] [5.0] [cxt 0] Action entry is MyIngress.decipher - 
[12:46:46.226] [bmv2] [T] [thread 75] [5.0] [cxt 0] Action MyIngress.decipher
[12:46:46.226] [bmv2] [T] [thread 75] [5.0] [cxt 0] industrial_aes.p4(287) Primitive meta.isSec = 1
[12:46:46.226] [bmv2] [T] [thread 75] [5.0] [cxt 0] industrial_aes.p4(288) Primitive hdr.payload_decrypt.setValid()
[12:46:46.226] [bmv2] [T] [thread 75] [5.0] [cxt 0] industrial_aes.p4(291) Primitive keys.read(k1, 0)
[12:46:46.226] [bmv2] [T] [thread 75] [5.0] [cxt 0] Read register 'MyIngress.keys' at index 0 read value 729683222
[12:46:46.226] [bmv2] [T] [thread 75] [5.0] [cxt 0] industrial_aes.p4(292) Primitive keys.read(k2, 1)
[12:46:46.226] [bmv2] [T] [thread 75] [5.0] [cxt 0] Read register 'MyIngress.keys' at index 1 read value 682545830
[12:46:46.226] [bmv2] [T] [thread 75] [5.0] [cxt 0] industrial_aes.p4(293) Primitive keys.read(k3, 2)
[12:46:46.226] [bmv2] [T] [thread 75] [5.0] [cxt 0] Read register 'MyIngress.keys' at index 2 read value 2885096840
[12:46:46.226] [bmv2] [T] [thread 75] [5.0] [cxt 0] industrial_aes.p4(294) Primitive keys.read(k4, 3)
[12:46:46.226] [bmv2] [T] [thread 75] [5.0] [cxt 0] Read register 'MyIngress.keys' at index 3 read value 164581180
[12:46:46.226] [bmv2] [T] [thread 75] [5.0] [cxt 0] industrial_aes.p4(295) Primitive keys.read(k5, 4)
[12:46:46.226] [bmv2] [T] [thread 75] [5.0] [cxt 0] Read register 'MyIngress.keys' at index 4 read value 0
[12:46:46.226] [bmv2] [T] [thread 75] [5.0] [cxt 0] industrial_aes.p4(296) Primitive keys.read(k6, 5)
[12:46:46.226] [bmv2] [T] [thread 75] [5.0] [cxt 0] Read register 'MyIngress.keys' at index 5 read value 0
[12:46:46.226] [bmv2] [T] [thread 75] [5.0] [cxt 0] industrial_aes.p4(297) Primitive keys.read(k7, 6)
[12:46:46.226] [bmv2] [T] [thread 75] [5.0] [cxt 0] Read register 'MyIngress.keys' at index 6 read value 0
[12:46:46.226] [bmv2] [T] [thread 75] [5.0] [cxt 0] industrial_aes.p4(298) Primitive keys.read(k8, 7)
[12:46:46.226] [bmv2] [T] [thread 75] [5.0] [cxt 0] Read register 'MyIngress.keys' at index 7 read value 0
[12:46:46.226] [bmv2] [T] [thread 75] [5.0] [cxt 0] industrial_aes.p4(300) Primitive hdr.temp.setValid()
[12:46:46.226] [bmv2] [T] [thread 75] [5.0] [cxt 0] industrial_aes.p4(301) Primitive useful_length_fixed
[12:46:46.226] [bmv2] [T] [thread 75] [5.0] [cxt 0] industrial_aes.p4(301) Primitive Decrypt(hdr.payload.content, hdr.payload_decrypt.content, k1, k2, k3, k4, k5, k6, k7, k8, useful_length_fixed, hdr.ipv4_options.sha, hdr.tcp.seqNo, hdr.temp.shaCalculated)
[12:46:46.227] [bmv2] [T] [thread 75] [5.0] [cxt 0] industrial_aes.p4(302) Primitive hdr.ipv4.ihl = 5
[12:46:46.227] [bmv2] [T] [thread 75] [5.0] [cxt 0] industrial_aes.p4(304) Primitive hdr.ipv4.totalLen = hdr.ipv4.totalLen - crypt_payload_length + useful_length_fixed - 36
[12:46:46.227] [bmv2] [T] [thread 75] [5.0] [cxt 0] industrial_aes.p4(305) Primitive verify_hash_equals(hdr.temp.equals, hdr.ipv4_options.sha, hdr.temp.shaCalculated)
[12:46:46.227] [bmv2] [T] [thread 75] [5.0] [cxt 0] industrial_aes.p4(306) Primitive hdr.temp.setInvalid()
[12:46:46.227] [bmv2] [T] [thread 75] [5.0] [cxt 0] industrial_aes.p4(307) Primitive hdr.payload.setInvalid()
[12:46:46.227] [bmv2] [T] [thread 75] [5.0] [cxt 0] industrial_aes.p4(308) Primitive hdr.ipv4_options.setInvalid()
[12:46:46.227] [bmv2] [D] [thread 75] [5.0] [cxt 0] Pipeline 'ingress': end
[12:46:46.227] [bmv2] [D] [thread 75] [5.0] [cxt 0] Egress port is 1
[12:46:46.227] [bmv2] [D] [thread 77] [5.0] [cxt 0] Pipeline 'egress': start
[12:46:46.227] [bmv2] [T] [thread 77] [5.0] [cxt 0] industrial_aes.p4(359) Condition "meta.isSec == 1" (node_9) is true
[12:46:46.227] [bmv2] [T] [thread 77] [5.0] [cxt 0] Applying table 'tbl_industrial_aes361'
[12:46:46.227] [bmv2] [D] [thread 77] [5.0] [cxt 0] Looking up key:

[12:46:46.227] [bmv2] [D] [thread 77] [5.0] [cxt 0] Table 'tbl_industrial_aes361': miss
[12:46:46.227] [bmv2] [D] [thread 77] [5.0] [cxt 0] Action entry is industrial_aes361 - 
[12:46:46.227] [bmv2] [T] [thread 77] [5.0] [cxt 0] Action industrial_aes361
[12:46:46.227] [bmv2] [T] [thread 77] [5.0] [cxt 0] industrial_aes.p4(361) Primitive last_saved_index.read(current_index, 0)
[12:46:46.227] [bmv2] [T] [thread 77] [5.0] [cxt 0] Read register 'MyEgress.last_saved_index' at index 0 read value 1
[12:46:46.227] [bmv2] [T] [thread 77] [5.0] [cxt 0] industrial_aes.p4(365) Primitive standard_metadata.egress_global_timestamp-standard_metadata.ingress_global_timestamp
[12:46:46.227] [bmv2] [T] [thread 77] [5.0] [cxt 0] industrial_aes.p4(364) Primitive packet_processing_time_array.write(current_index, ...
[12:46:46.227] [bmv2] [T] [thread 77] [5.0] [cxt 0] Wrote register 'MyEgress.packet_processing_time_array' at index 1 with value 266
[12:46:46.227] [bmv2] [T] [thread 77] [5.0] [cxt 0] industrial_aes.p4(368) Primitive packet_dequeuing_timedelta_array.write(current_index, ...
[12:46:46.227] [bmv2] [T] [thread 77] [5.0] [cxt 0] Wrote register 'MyEgress.packet_dequeuing_timedelta_array' at index 1 with value 13
[12:46:46.227] [bmv2] [T] [thread 77] [5.0] [cxt 0] industrial_aes.p4(372) Primitive current_index + 1
[12:46:46.227] [bmv2] [T] [thread 77] [5.0] [cxt 0] industrial_aes.p4(372) Primitive last_saved_index.write(0, current_index + 1)
[12:46:46.227] [bmv2] [T] [thread 77] [5.0] [cxt 0] Wrote register 'MyEgress.last_saved_index' at index 0 with value 2
[12:46:46.227] [bmv2] [T] [thread 77] [5.0] [cxt 0] industrial_aes.p4(375) Primitive timestamp_last_seen_packet.write(0, standard_metadata.ingress_global_timestamp)
[12:46:46.227] [bmv2] [T] [thread 77] [5.0] [cxt 0] Wrote register 'MyEgress.timestamp_last_seen_packet' at index 0 with value 62759268
[12:46:46.227] [bmv2] [D] [thread 77] [5.0] [cxt 0] Pipeline 'egress': end
[12:46:46.227] [bmv2] [D] [thread 77] [5.0] [cxt 0] Deparser 'deparser': start
[12:46:46.227] [bmv2] [D] [thread 77] [5.0] [cxt 0] Updating checksum 'cksum'
[12:46:46.227] [bmv2] [D] [thread 77] [5.0] [cxt 0] Deparsing header 'ethernet'
[12:46:46.227] [bmv2] [D] [thread 77] [5.0] [cxt 0] Deparsing header 'ipv4'
[12:46:46.227] [bmv2] [D] [thread 77] [5.0] [cxt 0] Deparsing header 'tcp'
[12:46:46.227] [bmv2] [D] [thread 77] [5.0] [cxt 0] Deparsing header 'tcp_options'
[12:46:46.227] [bmv2] [D] [thread 77] [5.0] [cxt 0] Deparsing header 'modbus_tcp'
[12:46:46.227] [bmv2] [D] [thread 77] [5.0] [cxt 0] Deparsing header 'payload_decrypt'
[12:46:46.227] [bmv2] [D] [thread 77] [5.0] [cxt 0] Deparser 'deparser': end
[12:46:46.227] [bmv2] [D] [thread 80] [5.0] [cxt 0] Transmitting packet of size 569 out of port 1
[12:46:46.227] [bmv2] [D] [thread 75] [6.0] [cxt 0] Processing packet received on port 1
[12:46:46.227] [bmv2] [D] [thread 75] [6.0] [cxt 0] Parser 'parser': start
[12:46:46.227] [bmv2] [D] [thread 75] [6.0] [cxt 0] Parser 'parser' entering state 'start'
[12:46:46.227] [bmv2] [D] [thread 75] [6.0] [cxt 0] Parser set: setting field 'scalars.metadata._isSec6' to 0
[12:46:46.227] [bmv2] [D] [thread 75] [6.0] [cxt 0] Extracting header 'ethernet'
[12:46:46.227] [bmv2] [D] [thread 75] [6.0] [cxt 0] Parser state 'start': key is 0800
[12:46:46.227] [bmv2] [T] [thread 75] [6.0] [cxt 0] Bytes parsed: 14
[12:46:46.227] [bmv2] [D] [thread 75] [6.0] [cxt 0] Parser 'parser' entering state 'parse_ipv4'
[12:46:46.227] [bmv2] [D] [thread 75] [6.0] [cxt 0] Extracting header 'ipv4'
[12:46:46.227] [bmv2] [D] [thread 75] [6.0] [cxt 0] Parser state 'parse_ipv4': key is 05
[12:46:46.227] [bmv2] [T] [thread 75] [6.0] [cxt 0] Bytes parsed: 34
[12:46:46.227] [bmv2] [D] [thread 75] [6.0] [cxt 0] Parser 'parser' entering state 'no_parse_ipv4_options'
[12:46:46.227] [bmv2] [D] [thread 75] [6.0] [cxt 0] Parser state 'no_parse_ipv4_options': key is 06
[12:46:46.227] [bmv2] [T] [thread 75] [6.0] [cxt 0] Bytes parsed: 34
[12:46:46.227] [bmv2] [D] [thread 75] [6.0] [cxt 0] Parser 'parser' entering state 'parse_tcp'
[12:46:46.227] [bmv2] [D] [thread 75] [6.0] [cxt 0] Extracting header 'tcp'
[12:46:46.227] [bmv2] [D] [thread 75] [6.0] [cxt 0] Parser set: setting field 'scalars.metadata._tcp_metadata_full_length0' from expression, new value is 256
[12:46:46.227] [bmv2] [D] [thread 75] [6.0] [cxt 0] Parser set: setting field 'scalars.metadata._tcp_metadata_header_length2' from expression, new value is 256
[12:46:46.227] [bmv2] [D] [thread 75] [6.0] [cxt 0] Parser set: setting field 'scalars.metadata._tcp_metadata_payload_length4' from expression, new value is 0
[12:46:46.227] [bmv2] [D] [thread 75] [6.0] [cxt 0] Parser set: setting field 'scalars.tmp' from expression, new value is 0
[12:46:46.227] [bmv2] [D] [thread 75] [6.0] [cxt 0] Parser state 'parse_tcp': key is 0000
[12:46:46.227] [bmv2] [T] [thread 75] [6.0] [cxt 0] Bytes parsed: 54
[12:46:46.227] [bmv2] [D] [thread 75] [6.0] [cxt 0] Parser 'parser': end
[12:46:46.227] [bmv2] [D] [thread 75] [6.0] [cxt 0] Pipeline 'ingress': start
[12:46:46.227] [bmv2] [T] [thread 75] [6.0] [cxt 0] industrial_aes.p4(325) Condition "hdr.ipv4.isValid()" (node_2) is true
[12:46:46.227] [bmv2] [T] [thread 75] [6.0] [cxt 0] Applying table 'MyIngress.ipv4_lpm'
[12:46:46.227] [bmv2] [D] [thread 75] [6.0] [cxt 0] Looking up key:
* hdr.ipv4.dstAddr    : c8010107

[12:46:46.227] [bmv2] [D] [thread 75] [6.0] [cxt 0] Table 'MyIngress.ipv4_lpm': hit with handle 0
[12:46:46.227] [bmv2] [D] [thread 75] [6.0] [cxt 0] Dumping entry 0
Match key:
* hdr.ipv4.dstAddr    : LPM       c8010107/32
Action entry: MyIngress.ipv4_forward - 3,2,

[12:46:46.227] [bmv2] [D] [thread 75] [6.0] [cxt 0] Action entry is MyIngress.ipv4_forward - 3,2,
[12:46:46.227] [bmv2] [T] [thread 75] [6.0] [cxt 0] Action MyIngress.ipv4_forward
[12:46:46.227] [bmv2] [T] [thread 75] [6.0] [cxt 0] industrial_aes.p4(240) Primitive standard_metadata.egress_spec = port
[12:46:46.227] [bmv2] [T] [thread 75] [6.0] [cxt 0] industrial_aes.p4(241) Primitive hdr.ethernet.srcAddr = hdr.ethernet.dstAddr
[12:46:46.227] [bmv2] [T] [thread 75] [6.0] [cxt 0] industrial_aes.p4(242) Primitive hdr.ethernet.dstAddr = dstAddr
[12:46:46.227] [bmv2] [T] [thread 75] [6.0] [cxt 0] industrial_aes.p4(243) Primitive hdr.ipv4.ttl = hdr.ipv4.ttl - 1
[12:46:46.227] [bmv2] [T] [thread 75] [6.0] [cxt 0] industrial_aes.p4(327) Condition "hdr.tcp.isValid()" (node_4) is true
[12:46:46.227] [bmv2] [T] [thread 75] [6.0] [cxt 0] industrial_aes.p4(328) Condition "hdr.modbus_tcp.isValid()" (node_5) is false
[12:46:46.227] [bmv2] [D] [thread 75] [6.0] [cxt 0] Pipeline 'ingress': end
[12:46:46.227] [bmv2] [D] [thread 75] [6.0] [cxt 0] Egress port is 2
[12:46:46.227] [bmv2] [D] [thread 78] [6.0] [cxt 0] Pipeline 'egress': start
[12:46:46.227] [bmv2] [T] [thread 78] [6.0] [cxt 0] industrial_aes.p4(359) Condition "meta.isSec == 1" (node_9) is false
[12:46:46.227] [bmv2] [D] [thread 78] [6.0] [cxt 0] Pipeline 'egress': end
[12:46:46.227] [bmv2] [D] [thread 78] [6.0] [cxt 0] Deparser 'deparser': start
[12:46:46.227] [bmv2] [D] [thread 78] [6.0] [cxt 0] Updating checksum 'cksum'
[12:46:46.227] [bmv2] [D] [thread 78] [6.0] [cxt 0] Deparsing header 'ethernet'
[12:46:46.227] [bmv2] [D] [thread 78] [6.0] [cxt 0] Deparsing header 'ipv4'
[12:46:46.227] [bmv2] [D] [thread 78] [6.0] [cxt 0] Deparsing header 'tcp'
[12:46:46.227] [bmv2] [D] [thread 78] [6.0] [cxt 0] Deparser 'deparser': end
[12:46:46.227] [bmv2] [D] [thread 80] [6.0] [cxt 0] Transmitting packet of size 66 out of port 2
[12:46:46.227] [bmv2] [D] [thread 75] [7.0] [cxt 0] Processing packet received on port 1
[12:46:46.227] [bmv2] [D] [thread 75] [7.0] [cxt 0] Parser 'parser': start
[12:46:46.227] [bmv2] [D] [thread 75] [7.0] [cxt 0] Parser 'parser' entering state 'start'
[12:46:46.227] [bmv2] [D] [thread 75] [7.0] [cxt 0] Parser set: setting field 'scalars.metadata._isSec6' to 0
[12:46:46.227] [bmv2] [D] [thread 75] [7.0] [cxt 0] Extracting header 'ethernet'
[12:46:46.227] [bmv2] [D] [thread 75] [7.0] [cxt 0] Parser state 'start': key is 0800
[12:46:46.227] [bmv2] [T] [thread 75] [7.0] [cxt 0] Bytes parsed: 14
[12:46:46.227] [bmv2] [D] [thread 75] [7.0] [cxt 0] Parser 'parser' entering state 'parse_ipv4'
[12:46:46.227] [bmv2] [D] [thread 75] [7.0] [cxt 0] Extracting header 'ipv4'
[12:46:46.227] [bmv2] [D] [thread 75] [7.0] [cxt 0] Parser state 'parse_ipv4': key is 05
[12:46:46.227] [bmv2] [T] [thread 75] [7.0] [cxt 0] Bytes parsed: 34
[12:46:46.227] [bmv2] [D] [thread 75] [7.0] [cxt 0] Parser 'parser' entering state 'no_parse_ipv4_options'
[12:46:46.227] [bmv2] [D] [thread 75] [7.0] [cxt 0] Parser state 'no_parse_ipv4_options': key is 06
[12:46:46.227] [bmv2] [T] [thread 75] [7.0] [cxt 0] Bytes parsed: 34
[12:46:46.227] [bmv2] [D] [thread 75] [7.0] [cxt 0] Parser 'parser' entering state 'parse_tcp'
[12:46:46.227] [bmv2] [D] [thread 75] [7.0] [cxt 0] Extracting header 'tcp'
[12:46:46.227] [bmv2] [D] [thread 75] [7.0] [cxt 0] Parser set: setting field 'scalars.metadata._tcp_metadata_full_length0' from expression, new value is 256
[12:46:46.227] [bmv2] [D] [thread 75] [7.0] [cxt 0] Parser set: setting field 'scalars.metadata._tcp_metadata_header_length2' from expression, new value is 256
[12:46:46.227] [bmv2] [D] [thread 75] [7.0] [cxt 0] Parser set: setting field 'scalars.metadata._tcp_metadata_payload_length4' from expression, new value is 0
[12:46:46.227] [bmv2] [D] [thread 75] [7.0] [cxt 0] Parser set: setting field 'scalars.tmp' from expression, new value is 0
[12:46:46.227] [bmv2] [D] [thread 75] [7.0] [cxt 0] Parser state 'parse_tcp': key is 0000
[12:46:46.227] [bmv2] [T] [thread 75] [7.0] [cxt 0] Bytes parsed: 54
[12:46:46.227] [bmv2] [D] [thread 75] [7.0] [cxt 0] Parser 'parser': end
[12:46:46.227] [bmv2] [D] [thread 75] [7.0] [cxt 0] Pipeline 'ingress': start
[12:46:46.227] [bmv2] [T] [thread 75] [7.0] [cxt 0] industrial_aes.p4(325) Condition "hdr.ipv4.isValid()" (node_2) is true
[12:46:46.227] [bmv2] [T] [thread 75] [7.0] [cxt 0] Applying table 'MyIngress.ipv4_lpm'
[12:46:46.227] [bmv2] [D] [thread 75] [7.0] [cxt 0] Looking up key:
* hdr.ipv4.dstAddr    : c8010107

[12:46:46.227] [bmv2] [D] [thread 75] [7.0] [cxt 0] Table 'MyIngress.ipv4_lpm': hit with handle 0
[12:46:46.227] [bmv2] [D] [thread 75] [7.0] [cxt 0] Dumping entry 0
Match key:
* hdr.ipv4.dstAddr    : LPM       c8010107/32
Action entry: MyIngress.ipv4_forward - 3,2,

[12:46:46.227] [bmv2] [D] [thread 75] [7.0] [cxt 0] Action entry is MyIngress.ipv4_forward - 3,2,
[12:46:46.227] [bmv2] [T] [thread 75] [7.0] [cxt 0] Action MyIngress.ipv4_forward
[12:46:46.227] [bmv2] [T] [thread 75] [7.0] [cxt 0] industrial_aes.p4(240) Primitive standard_metadata.egress_spec = port
[12:46:46.227] [bmv2] [T] [thread 75] [7.0] [cxt 0] industrial_aes.p4(241) Primitive hdr.ethernet.srcAddr = hdr.ethernet.dstAddr
[12:46:46.227] [bmv2] [T] [thread 75] [7.0] [cxt 0] industrial_aes.p4(242) Primitive hdr.ethernet.dstAddr = dstAddr
[12:46:46.227] [bmv2] [T] [thread 75] [7.0] [cxt 0] industrial_aes.p4(243) Primitive hdr.ipv4.ttl = hdr.ipv4.ttl - 1
[12:46:46.227] [bmv2] [T] [thread 75] [7.0] [cxt 0] industrial_aes.p4(327) Condition "hdr.tcp.isValid()" (node_4) is true
[12:46:46.227] [bmv2] [T] [thread 75] [7.0] [cxt 0] industrial_aes.p4(328) Condition "hdr.modbus_tcp.isValid()" (node_5) is false
[12:46:46.227] [bmv2] [D] [thread 75] [7.0] [cxt 0] Pipeline 'ingress': end
[12:46:46.227] [bmv2] [D] [thread 75] [7.0] [cxt 0] Egress port is 2
[12:46:46.227] [bmv2] [D] [thread 78] [7.0] [cxt 0] Pipeline 'egress': start
[12:46:46.227] [bmv2] [T] [thread 78] [7.0] [cxt 0] industrial_aes.p4(359) Condition "meta.isSec == 1" (node_9) is false
[12:46:46.227] [bmv2] [D] [thread 78] [7.0] [cxt 0] Pipeline 'egress': end
[12:46:46.227] [bmv2] [D] [thread 78] [7.0] [cxt 0] Deparser 'deparser': start
[12:46:46.227] [bmv2] [D] [thread 78] [7.0] [cxt 0] Updating checksum 'cksum'
[12:46:46.227] [bmv2] [D] [thread 78] [7.0] [cxt 0] Deparsing header 'ethernet'
[12:46:46.227] [bmv2] [D] [thread 78] [7.0] [cxt 0] Deparsing header 'ipv4'
[12:46:46.227] [bmv2] [D] [thread 78] [7.0] [cxt 0] Deparsing header 'tcp'
[12:46:46.227] [bmv2] [D] [thread 78] [7.0] [cxt 0] Deparser 'deparser': end
[12:46:46.227] [bmv2] [D] [thread 80] [7.0] [cxt 0] Transmitting packet of size 66 out of port 2
[12:46:46.228] [bmv2] [D] [thread 75] [8.0] [cxt 0] Processing packet received on port 2
[12:46:46.228] [bmv2] [D] [thread 75] [8.0] [cxt 0] Parser 'parser': start
[12:46:46.228] [bmv2] [D] [thread 75] [8.0] [cxt 0] Parser 'parser' entering state 'start'
[12:46:46.228] [bmv2] [D] [thread 75] [8.0] [cxt 0] Parser set: setting field 'scalars.metadata._isSec6' to 0
[12:46:46.228] [bmv2] [D] [thread 75] [8.0] [cxt 0] Extracting header 'ethernet'
[12:46:46.228] [bmv2] [D] [thread 75] [8.0] [cxt 0] Parser state 'start': key is 0800
[12:46:46.228] [bmv2] [T] [thread 75] [8.0] [cxt 0] Bytes parsed: 14
[12:46:46.228] [bmv2] [D] [thread 75] [8.0] [cxt 0] Parser 'parser' entering state 'parse_ipv4'
[12:46:46.228] [bmv2] [D] [thread 75] [8.0] [cxt 0] Extracting header 'ipv4'
[12:46:46.228] [bmv2] [D] [thread 75] [8.0] [cxt 0] Parser state 'parse_ipv4': key is 05
[12:46:46.228] [bmv2] [T] [thread 75] [8.0] [cxt 0] Bytes parsed: 34
[12:46:46.228] [bmv2] [D] [thread 75] [8.0] [cxt 0] Parser 'parser' entering state 'no_parse_ipv4_options'
[12:46:46.228] [bmv2] [D] [thread 75] [8.0] [cxt 0] Parser state 'no_parse_ipv4_options': key is 06
[12:46:46.228] [bmv2] [T] [thread 75] [8.0] [cxt 0] Bytes parsed: 34
[12:46:46.228] [bmv2] [D] [thread 75] [8.0] [cxt 0] Parser 'parser' entering state 'parse_tcp'
[12:46:46.228] [bmv2] [D] [thread 75] [8.0] [cxt 0] Extracting header 'tcp'
[12:46:46.228] [bmv2] [D] [thread 75] [8.0] [cxt 0] Parser set: setting field 'scalars.metadata._tcp_metadata_full_length0' from expression, new value is 256
[12:46:46.228] [bmv2] [D] [thread 75] [8.0] [cxt 0] Parser set: setting field 'scalars.metadata._tcp_metadata_header_length2' from expression, new value is 256
[12:46:46.228] [bmv2] [D] [thread 75] [8.0] [cxt 0] Parser set: setting field 'scalars.metadata._tcp_metadata_payload_length4' from expression, new value is 0
[12:46:46.228] [bmv2] [D] [thread 75] [8.0] [cxt 0] Parser set: setting field 'scalars.tmp' from expression, new value is 0
[12:46:46.228] [bmv2] [D] [thread 75] [8.0] [cxt 0] Parser state 'parse_tcp': key is 0000
[12:46:46.228] [bmv2] [T] [thread 75] [8.0] [cxt 0] Bytes parsed: 54
[12:46:46.228] [bmv2] [D] [thread 75] [8.0] [cxt 0] Parser 'parser': end
[12:46:46.228] [bmv2] [D] [thread 75] [8.0] [cxt 0] Pipeline 'ingress': start
[12:46:46.228] [bmv2] [T] [thread 75] [8.0] [cxt 0] industrial_aes.p4(325) Condition "hdr.ipv4.isValid()" (node_2) is true
[12:46:46.228] [bmv2] [T] [thread 75] [8.0] [cxt 0] Applying table 'MyIngress.ipv4_lpm'
[12:46:46.228] [bmv2] [D] [thread 75] [8.0] [cxt 0] Looking up key:
* hdr.ipv4.dstAddr    : c30b0e05

[12:46:46.228] [bmv2] [D] [thread 75] [8.0] [cxt 0] Table 'MyIngress.ipv4_lpm': hit with handle 3
[12:46:46.228] [bmv2] [D] [thread 75] [8.0] [cxt 0] Dumping entry 3
Match key:
* hdr.ipv4.dstAddr    : LPM       c30b0e05/32
Action entry: MyIngress.ipv4_forward - a000101,1,

[12:46:46.228] [bmv2] [D] [thread 75] [8.0] [cxt 0] Action entry is MyIngress.ipv4_forward - a000101,1,
[12:46:46.228] [bmv2] [T] [thread 75] [8.0] [cxt 0] Action MyIngress.ipv4_forward
[12:46:46.228] [bmv2] [T] [thread 75] [8.0] [cxt 0] industrial_aes.p4(240) Primitive standard_metadata.egress_spec = port
[12:46:46.228] [bmv2] [T] [thread 75] [8.0] [cxt 0] industrial_aes.p4(241) Primitive hdr.ethernet.srcAddr = hdr.ethernet.dstAddr
[12:46:46.228] [bmv2] [T] [thread 75] [8.0] [cxt 0] industrial_aes.p4(242) Primitive hdr.ethernet.dstAddr = dstAddr
[12:46:46.228] [bmv2] [T] [thread 75] [8.0] [cxt 0] industrial_aes.p4(243) Primitive hdr.ipv4.ttl = hdr.ipv4.ttl - 1
[12:46:46.228] [bmv2] [T] [thread 75] [8.0] [cxt 0] industrial_aes.p4(327) Condition "hdr.tcp.isValid()" (node_4) is true
[12:46:46.228] [bmv2] [T] [thread 75] [8.0] [cxt 0] industrial_aes.p4(328) Condition "hdr.modbus_tcp.isValid()" (node_5) is false
[12:46:46.228] [bmv2] [D] [thread 75] [8.0] [cxt 0] Pipeline 'ingress': end
[12:46:46.228] [bmv2] [D] [thread 75] [8.0] [cxt 0] Egress port is 1
[12:46:46.228] [bmv2] [D] [thread 77] [8.0] [cxt 0] Pipeline 'egress': start
[12:46:46.228] [bmv2] [T] [thread 77] [8.0] [cxt 0] industrial_aes.p4(359) Condition "meta.isSec == 1" (node_9) is false
[12:46:46.228] [bmv2] [D] [thread 77] [8.0] [cxt 0] Pipeline 'egress': end
[12:46:46.228] [bmv2] [D] [thread 77] [8.0] [cxt 0] Deparser 'deparser': start
[12:46:46.228] [bmv2] [D] [thread 77] [8.0] [cxt 0] Updating checksum 'cksum'
[12:46:46.228] [bmv2] [D] [thread 77] [8.0] [cxt 0] Deparsing header 'ethernet'
[12:46:46.228] [bmv2] [D] [thread 77] [8.0] [cxt 0] Deparsing header 'ipv4'
[12:46:46.228] [bmv2] [D] [thread 77] [8.0] [cxt 0] Deparsing header 'tcp'
[12:46:46.228] [bmv2] [D] [thread 77] [8.0] [cxt 0] Deparser 'deparser': end
[12:46:46.228] [bmv2] [D] [thread 80] [8.0] [cxt 0] Transmitting packet of size 66 out of port 1
[12:46:46.228] [bmv2] [D] [thread 75] [9.0] [cxt 0] Processing packet received on port 1
[12:46:46.228] [bmv2] [D] [thread 75] [9.0] [cxt 0] Parser 'parser': start
[12:46:46.228] [bmv2] [D] [thread 75] [9.0] [cxt 0] Parser 'parser' entering state 'start'
[12:46:46.228] [bmv2] [D] [thread 75] [9.0] [cxt 0] Parser set: setting field 'scalars.metadata._isSec6' to 0
[12:46:46.228] [bmv2] [D] [thread 75] [9.0] [cxt 0] Extracting header 'ethernet'
[12:46:46.228] [bmv2] [D] [thread 75] [9.0] [cxt 0] Parser state 'start': key is 0800
[12:46:46.228] [bmv2] [T] [thread 75] [9.0] [cxt 0] Bytes parsed: 14
[12:46:46.228] [bmv2] [D] [thread 75] [9.0] [cxt 0] Parser 'parser' entering state 'parse_ipv4'
[12:46:46.228] [bmv2] [D] [thread 75] [9.0] [cxt 0] Extracting header 'ipv4'
[12:46:46.228] [bmv2] [D] [thread 75] [9.0] [cxt 0] Parser state 'parse_ipv4': key is 05
[12:46:46.228] [bmv2] [T] [thread 75] [9.0] [cxt 0] Bytes parsed: 34
[12:46:46.228] [bmv2] [D] [thread 75] [9.0] [cxt 0] Parser 'parser' entering state 'no_parse_ipv4_options'
[12:46:46.228] [bmv2] [D] [thread 75] [9.0] [cxt 0] Parser state 'no_parse_ipv4_options': key is 06
[12:46:46.228] [bmv2] [T] [thread 75] [9.0] [cxt 0] Bytes parsed: 34
[12:46:46.228] [bmv2] [D] [thread 75] [9.0] [cxt 0] Parser 'parser' entering state 'parse_tcp'
[12:46:46.228] [bmv2] [D] [thread 75] [9.0] [cxt 0] Extracting header 'tcp'
[12:46:46.228] [bmv2] [D] [thread 75] [9.0] [cxt 0] Parser set: setting field 'scalars.metadata._tcp_metadata_full_length0' from expression, new value is 256
[12:46:46.228] [bmv2] [D] [thread 75] [9.0] [cxt 0] Parser set: setting field 'scalars.metadata._tcp_metadata_header_length2' from expression, new value is 256
[12:46:46.228] [bmv2] [D] [thread 75] [9.0] [cxt 0] Parser set: setting field 'scalars.metadata._tcp_metadata_payload_length4' from expression, new value is 0
[12:46:46.228] [bmv2] [D] [thread 75] [9.0] [cxt 0] Parser set: setting field 'scalars.tmp' from expression, new value is 0
[12:46:46.228] [bmv2] [D] [thread 75] [9.0] [cxt 0] Parser state 'parse_tcp': key is 0000
[12:46:46.228] [bmv2] [T] [thread 75] [9.0] [cxt 0] Bytes parsed: 54
[12:46:46.228] [bmv2] [D] [thread 75] [9.0] [cxt 0] Parser 'parser': end
[12:46:46.228] [bmv2] [D] [thread 75] [9.0] [cxt 0] Pipeline 'ingress': start
[12:46:46.228] [bmv2] [T] [thread 75] [9.0] [cxt 0] industrial_aes.p4(325) Condition "hdr.ipv4.isValid()" (node_2) is true
[12:46:46.228] [bmv2] [T] [thread 75] [9.0] [cxt 0] Applying table 'MyIngress.ipv4_lpm'
[12:46:46.228] [bmv2] [D] [thread 75] [9.0] [cxt 0] Looking up key:
* hdr.ipv4.dstAddr    : c8010107

[12:46:46.228] [bmv2] [D] [thread 75] [9.0] [cxt 0] Table 'MyIngress.ipv4_lpm': hit with handle 0
[12:46:46.228] [bmv2] [D] [thread 75] [9.0] [cxt 0] Dumping entry 0
Match key:
* hdr.ipv4.dstAddr    : LPM       c8010107/32
Action entry: MyIngress.ipv4_forward - 3,2,

[12:46:46.228] [bmv2] [D] [thread 75] [9.0] [cxt 0] Action entry is MyIngress.ipv4_forward - 3,2,
[12:46:46.228] [bmv2] [T] [thread 75] [9.0] [cxt 0] Action MyIngress.ipv4_forward
[12:46:46.228] [bmv2] [T] [thread 75] [9.0] [cxt 0] industrial_aes.p4(240) Primitive standard_metadata.egress_spec = port
[12:46:46.228] [bmv2] [T] [thread 75] [9.0] [cxt 0] industrial_aes.p4(241) Primitive hdr.ethernet.srcAddr = hdr.ethernet.dstAddr
[12:46:46.228] [bmv2] [T] [thread 75] [9.0] [cxt 0] industrial_aes.p4(242) Primitive hdr.ethernet.dstAddr = dstAddr
[12:46:46.228] [bmv2] [T] [thread 75] [9.0] [cxt 0] industrial_aes.p4(243) Primitive hdr.ipv4.ttl = hdr.ipv4.ttl - 1
[12:46:46.228] [bmv2] [T] [thread 75] [9.0] [cxt 0] industrial_aes.p4(327) Condition "hdr.tcp.isValid()" (node_4) is true
[12:46:46.228] [bmv2] [T] [thread 75] [9.0] [cxt 0] industrial_aes.p4(328) Condition "hdr.modbus_tcp.isValid()" (node_5) is false
[12:46:46.228] [bmv2] [D] [thread 75] [9.0] [cxt 0] Pipeline 'ingress': end
[12:46:46.228] [bmv2] [D] [thread 75] [9.0] [cxt 0] Egress port is 2
[12:46:46.228] [bmv2] [D] [thread 78] [9.0] [cxt 0] Pipeline 'egress': start
[12:46:46.228] [bmv2] [T] [thread 78] [9.0] [cxt 0] industrial_aes.p4(359) Condition "meta.isSec == 1" (node_9) is false
[12:46:46.228] [bmv2] [D] [thread 78] [9.0] [cxt 0] Pipeline 'egress': end
[12:46:46.228] [bmv2] [D] [thread 78] [9.0] [cxt 0] Deparser 'deparser': start
[12:46:46.228] [bmv2] [D] [thread 78] [9.0] [cxt 0] Updating checksum 'cksum'
[12:46:46.228] [bmv2] [D] [thread 78] [9.0] [cxt 0] Deparsing header 'ethernet'
[12:46:46.228] [bmv2] [D] [thread 78] [9.0] [cxt 0] Deparsing header 'ipv4'
[12:46:46.228] [bmv2] [D] [thread 78] [9.0] [cxt 0] Deparsing header 'tcp'
[12:46:46.229] [bmv2] [D] [thread 78] [9.0] [cxt 0] Deparser 'deparser': end
[12:46:46.229] [bmv2] [D] [thread 80] [9.0] [cxt 0] Transmitting packet of size 66 out of port 2
